ticks          0
-----------  ---
c:/prg1.exe    0
ticks          0    1
-----------  ---  ---
c:/prg1.exe    0    1
ticks        0    1    2
-----------  ---  ---  ---
c:/prg1.exe  0    1    -
c:/prg2.exe  -    -    2
ticks        0    1    2    3
-----------  ---  ---  ---  ---
c:/prg1.exe  0    1    -    -
c:/prg2.exe  -    -    2    3
ticks        0    1    2    3    4
-----------  ---  ---  ---  ---  ---
c:/prg1.exe  0    1    -    -    -
c:/prg2.exe  -    -    2    3    -
c:/prg3.exe  -    -    -    -    4
ticks        0    1    2    3    4    5
-----------  ---  ---  ---  ---  ---  ---
c:/prg1.exe  0    1    -    -    -    -
c:/prg2.exe  -    -    2    3    -    -
c:/prg3.exe  -    -    -    -    4    5
ticks        0    1    2    3    4    5    6
-----------  ---  ---  ---  ---  ---  ---  ---
c:/prg1.exe  0    1    -    -    -    -    -
c:/prg2.exe  -    -    2    3    -    -    -
c:/prg3.exe  -    -    -    -    4    5    -
ticks        0    1    2    3    4    5    6    7
-----------  ---  ---  ---  ---  ---  ---  ---  ---
c:/prg1.exe  0    1    -    -    -    -    -    -
c:/prg2.exe  -    -    2    3    -    -    -    -
c:/prg3.exe  -    -    -    -    4    5    -    -
ticks        0    1    2    3    4    5    6    7    8
-----------  ---  ---  ---  ---  ---  ---  ---  ---  ---
c:/prg1.exe  0    1    -    -    -    -    -    -    -
c:/prg2.exe  -    -    2    3    -    -    -    -    -
c:/prg3.exe  -    -    -    -    4    5    -    -    -
ticks        0    1    2    3    4    5    6    7    8    9
-----------  ---  ---  ---  ---  ---  ---  ---  ---  ---  ---
c:/prg1.exe  0    1    -    -    -    -    -    -    -    -
c:/prg2.exe  -    -    2    3    -    -    -    -    -    -
c:/prg3.exe  -    -    -    -    4    5    -    -    -    -
asd          -    -    -    -    -    -    -    -    -    9
ticks        0    1    2    3    4    5    6    7    8    9    10
-----------  ---  ---  ---  ---  ---  ---  ---  ---  ---  ---  ----
c:/prg1.exe  0    1    -    -    -    -    -    -    -    -    -
c:/prg2.exe  -    -    2    3    -    -    -    -    -    -    -
c:/prg3.exe  -    -    -    -    4    5    -    -    -    -    -
asd          -    -    -    -    -    -    -    -    -    9    10
ticks        0    1    2    3    4    5    6    7    8    9    10    11
-----------  ---  ---  ---  ---  ---  ---  ---  ---  ---  ---  ----  ----
c:/prg1.exe  0    1    -    -    -    -    -    -    -    -    -     -
c:/prg2.exe  -    -    2    3    -    -    -    -    -    -    -     -
c:/prg3.exe  -    -    -    -    4    5    -    -    -    -    -     -
asd          -    -    -    -    -    -    -    -    -    9    10    -
ticks        0    1    2    3    4    5    6    7    8    9    10    11    12
-----------  ---  ---  ---  ---  ---  ---  ---  ---  ---  ---  ----  ----  ----
c:/prg1.exe  0    1    -    -    -    -    -    -    -    -    -     -     -
c:/prg2.exe  -    -    2    3    -    -    -    -    -    -    -     -     -
c:/prg3.exe  -    -    -    -    4    5    -    -    -    -    -     -     -
asd          -    -    -    -    -    -    -    -    -    9    10    -     -
ticks        0    1    2    3    4    5    6    7    8    9    10    11    12    13
-----------  ---  ---  ---  ---  ---  ---  ---  ---  ---  ---  ----  ----  ----  ----
c:/prg1.exe  0    1    -    -    -    -    -    -    -    -    -     -     -     -
c:/prg2.exe  -    -    2    3    -    -    -    -    -    -    -     -     -     -
c:/prg3.exe  -    -    -    -    4    5    -    -    -    -    -     -     -     -
asd          -    -    -    -    -    -    -    -    -    9    10    -     -     -
ticks        0    1    2    3    4    5    6    7    8    9    10    11    12    13    14
-----------  ---  ---  ---  ---  ---  ---  ---  ---  ---  ---  ----  ----  ----  ----  ----
c:/prg1.exe  0    1    -    -    -    -    -    -    -    -    -     -     -     -     -
c:/prg2.exe  -    -    2    3    -    -    -    -    -    -    -     -     -     -     -
c:/prg3.exe  -    -    -    -    4    5    -    -    -    -    -     -     -     -     -
asd          -    -    -    -    -    -    -    -    -    9    10    -     -     -     14
ticks        0    1    2    3    4    5    6    7    8    9    10    11    12    13    14    15
-----------  ---  ---  ---  ---  ---  ---  ---  ---  ---  ---  ----  ----  ----  ----  ----  ----
c:/prg1.exe  0    1    -    -    -    -    -    -    -    -    -     -     -     -     -     -
c:/prg2.exe  -    -    2    3    -    -    -    -    -    -    -     -     -     -     -     -
c:/prg3.exe  -    -    -    -    4    5    -    -    -    -    -     -     -     -     -     -
asd          -    -    -    -    -    -    -    -    -    9    10    -     -     -     14    -
ticks        0    1    2    3    4    5    6    7    8    9    10    11    12    13    14    15    16
-----------  ---  ---  ---  ---  ---  ---  ---  ---  ---  ---  ----  ----  ----  ----  ----  ----  ----
c:/prg1.exe  0    1    -    -    -    -    -    -    -    -    -     -     -     -     -     -     -
c:/prg2.exe  -    -    2    3    -    -    -    -    -    -    -     -     -     -     -     -     -
c:/prg3.exe  -    -    -    -    4    5    -    -    -    -    -     -     -     -     -     -     -
asd          -    -    -    -    -    -    -    -    -    9    10    -     -     -     14    -     -
ticks        0    1    2    3    4    5    6    7    8    9    10    11    12    13    14    15    16    17
-----------  ---  ---  ---  ---  ---  ---  ---  ---  ---  ---  ----  ----  ----  ----  ----  ----  ----  ----
c:/prg1.exe  0    1    -    -    -    -    -    -    -    -    -     -     -     -     -     -     -     -
c:/prg2.exe  -    -    2    3    -    -    -    -    -    -    -     -     -     -     -     -     -     -
c:/prg3.exe  -    -    -    -    4    5    -    -    -    -    -     -     -     -     -     -     -     -
asd          -    -    -    -    -    -    -    -    -    9    10    -     -     -     14    -     -     -
ticks        0    1    2    3    4    5    6    7    8    9    10    11    12    13    14    15    16    17    18
-----------  ---  ---  ---  ---  ---  ---  ---  ---  ---  ---  ----  ----  ----  ----  ----  ----  ----  ----  ----
c:/prg1.exe  0    1    -    -    -    -    -    -    -    -    -     -     -     -     -     -     -     -     -
c:/prg2.exe  -    -    2    3    -    -    -    -    -    -    -     -     -     -     -     -     -     -     -
c:/prg3.exe  -    -    -    -    4    5    -    -    -    -    -     -     -     -     -     -     -     -     -
asd          -    -    -    -    -    -    -    -    -    9    10    -     -     -     14    -     -     -     -
ticks        0    1    2    3    4    5    6    7    8    9    10    11    12    13    14    15    16    17    18    19
-----------  ---  ---  ---  ---  ---  ---  ---  ---  ---  ---  ----  ----  ----  ----  ----  ----  ----  ----  ----  ----
c:/prg1.exe  0    1    -    -    -    -    -    -    -    -    -     -     -     -     -     -     -     -     -     -
c:/prg2.exe  -    -    2    3    -    -    -    -    -    -    -     -     -     -     -     -     -     -     -     -
c:/prg3.exe  -    -    -    -    4    5    -    -    -    -    -     -     -     -     -     -     -     -     -     -
asd          -    -    -    -    -    -    -    -    -    9    10    -     -     -     14    -     -     -     -     -
ticks        0    1    2    3    4    5    6    7    8    9    10    11    12    13    14    15    16    17    18    19    20
-----------  ---  ---  ---  ---  ---  ---  ---  ---  ---  ---  ----  ----  ----  ----  ----  ----  ----  ----  ----  ----  ----
c:/prg1.exe  0    1    -    -    -    -    -    -    -    -    -     -     -     -     -     -     -     -     -     -     -
c:/prg2.exe  -    -    2    3    -    -    -    -    -    -    -     -     -     -     -     -     -     -     -     -     -
c:/prg3.exe  -    -    -    -    4    5    -    -    -    -    -     -     -     -     -     -     -     -     -     -     -
asd          -    -    -    -    -    -    -    -    -    9    10    -     -     -     14    -     -     -     -     -     -
ticks        0    1    2    3    4    5    6    7    8    9    10    11    12    13    14    15    16    17    18    19    20    21
-----------  ---  ---  ---  ---  ---  ---  ---  ---  ---  ---  ----  ----  ----  ----  ----  ----  ----  ----  ----  ----  ----  ----
c:/prg1.exe  0    1    -    -    -    -    -    -    -    -    -     -     -     -     -     -     -     -     -     -     -     -
c:/prg2.exe  -    -    2    3    -    -    -    -    -    -    -     -     -     -     -     -     -     -     -     -     -     -
c:/prg3.exe  -    -    -    -    4    5    -    -    -    -    -     -     -     -     -     -     -     -     -     -     -     -
asd          -    -    -    -    -    -    -    -    -    9    10    -     -     -     14    -     -     -     -     -     -     -
ticks        0    1    2    3    4    5    6    7    8    9    10    11    12    13    14    15    16    17    18    19    20    21    22
-----------  ---  ---  ---  ---  ---  ---  ---  ---  ---  ---  ----  ----  ----  ----  ----  ----  ----  ----  ----  ----  ----  ----  ----
c:/prg1.exe  0    1    -    -    -    -    -    -    -    -    -     -     -     -     -     -     -     -     -     -     -     -     -
c:/prg2.exe  -    -    2    3    -    -    -    -    -    -    -     -     -     -     -     -     -     -     -     -     -     -     -
c:/prg3.exe  -    -    -    -    4    5    -    -    -    -    -     -     -     -     -     -     -     -     -     -     -     -     -
asd          -    -    -    -    -    -    -    -    -    9    10    -     -     -     14    -     -     -     -     -     -     -     -
ticks        0    1    2    3    4    5    6    7    8    9    10    11    12    13    14    15    16    17    18    19    20    21    22    23
-----------  ---  ---  ---  ---  ---  ---  ---  ---  ---  ---  ----  ----  ----  ----  ----  ----  ----  ----  ----  ----  ----  ----  ----  ----
c:/prg1.exe  0    1    -    -    -    -    -    -    -    -    -     -     -     -     -     -     -     -     -     -     -     -     -     -
c:/prg2.exe  -    -    2    3    -    -    -    -    -    -    -     -     -     -     -     -     -     -     -     -     -     -     -     -
c:/prg3.exe  -    -    -    -    4    5    -    -    -    -    -     -     -     -     -     -     -     -     -     -     -     -     -     -
asd          -    -    -    -    -    -    -    -    -    9    10    -     -     -     14    -     -     -     -     -     -     -     -     -
ticks        0    1    2    3    4    5    6    7    8    9    10    11    12    13    14    15    16    17    18    19    20    21    22    23    24
-----------  ---  ---  ---  ---  ---  ---  ---  ---  ---  ---  ----  ----  ----  ----  ----  ----  ----  ----  ----  ----  ----  ----  ----  ----  ----
c:/prg1.exe  0    1    -    -    -    -    -    -    -    -    -     -     -     -     -     -     -     -     -     -     -     -     -     -     -
c:/prg2.exe  -    -    2    3    -    -    -    -    -    -    -     -     -     -     -     -     -     -     -     -     -     -     -     -     -
c:/prg3.exe  -    -    -    -    4    5    -    -    -    -    -     -     -     -     -     -     -     -     -     -     -     -     -     -     -
asd          -    -    -    -    -    -    -    -    -    9    10    -     -     -     14    -     -     -     -     -     -     -     -     -     -
